<?xml version="1.0" encoding="UTF-8"?>
<!-- Generated by org.testng.reporters.JUnitXMLReporter -->
<testsuite ignored="0" hostname="Latitude" failures="2" tests="4" name="Test" time="72.13" errors="0" timestamp="26 Mar 2024 20:39:38 GMT">
  <testcase classname="tests.LoginTest" name="login" time="12.197"/>
  <testcase classname="pageObjects.TestTwo" name="TestTworMed" time="50.341">
    <failure type="java.lang.AssertionError" message="expected [false] but found [true]">
      <![CDATA[java.lang.AssertionError: expected [false] but found [true]
	at pageObjects.TestTwo.TestTworMed(TestTwo.java:20)
... Removed 29 stack frames]]>
    </failure>
  </testcase> <!-- TestTworMed -->
  <testcase classname="pageObjects.TestFour" name="TestFourMed" time="2.339"/>
  <testcase classname="pageObjects.TestThree" name="TesThreeMed" time="1.947">
    <failure type="java.lang.AssertionError" message="expected [false] but found [true]">
      <![CDATA[java.lang.AssertionError: expected [false] but found [true]
	at pageObjects.TestThree.TesThreeMed(TestThree.java:21)
... Removed 29 stack frames]]>
    </failure>
  </testcase> <!-- TesThreeMed -->
</testsuite> <!-- Test -->
