<?xml version="1.0" encoding="UTF-8"?>
<!-- Generated by org.testng.reporters.JUnitXMLReporter -->
<testsuite ignored="0" hostname="Latitude" failures="0" tests="4" name="Test" time="17.749" errors="0" timestamp="2024-03-23T22:57:32 CDT">
  <testcase classname="tests.LoginTest" name="login" time="10.782"/>
  <testcase classname="pageObjects.TestTwo" name="TestTworMed" time="0.0"/>
  <testcase classname="pageObjects.TestFour" name="TestFourMed" time="0.001"/>
  <testcase classname="pageObjects.TestThree" name="TesThreeMed" time="0.0"/>
</testsuite> <!-- Test -->
